15:49:07.523 [main] INFO  c.a.n.c.e.SearchableProperties - [sortPropertySourceDefaultOrder,197] - properties search order:PROPERTIES->JVM->ENV->DEFAULT_SETTING
15:49:08.758 [main] INFO  c.a.n.p.a.s.c.ClientAuthPluginManager - [init,56] - [ClientAuthPluginManager] Load ClientAuthService com.alibaba.nacos.client.auth.impl.NacosClientAuthServiceImpl success.
15:49:08.758 [main] INFO  c.a.n.p.a.s.c.ClientAuthPluginManager - [init,56] - [ClientAuthPluginManager] Load ClientAuthService com.alibaba.nacos.client.auth.ram.RamClientAuthServiceImpl success.
15:49:11.780 [main] INFO  c.j.a.ArchivalApplication - [logStartupProfileInfo,645] - No active profile set, falling back to 1 default profile: "default"
15:49:14.964 [main] INFO  o.a.c.h.Http11NioProtocol - [log,173] - Initializing ProtocolHandler ["http-nio-8080"]
15:49:14.965 [main] INFO  o.a.c.c.StandardService - [log,173] - Starting service [Tomcat]
15:49:14.966 [main] INFO  o.a.c.c.StandardEngine - [log,173] - Starting Servlet engine: [Apache Tomcat/9.0.68]
15:49:15.157 [main] INFO  o.a.c.c.C.[.[.[/] - [log,173] - Initializing Spring embedded WebApplicationContext
15:49:18.794 [main] INFO  c.a.a.s.ArthasConfiguration - [arthasAgent,70] - Arthas agent start success.
15:49:19.235 [main] INFO  o.a.c.h.Http11NioProtocol - [log,173] - Starting ProtocolHandler ["http-nio-8080"]
15:49:19.301 [main] INFO  c.a.n.p.a.s.c.ClientAuthPluginManager - [init,56] - [ClientAuthPluginManager] Load ClientAuthService com.alibaba.nacos.client.auth.impl.NacosClientAuthServiceImpl success.
15:49:19.301 [main] INFO  c.a.n.p.a.s.c.ClientAuthPluginManager - [init,56] - [ClientAuthPluginManager] Load ClientAuthService com.alibaba.nacos.client.auth.ram.RamClientAuthServiceImpl success.
15:49:19.862 [main] INFO  c.a.c.n.r.NacosServiceRegistry - [register,76] - nacos registry, DEFAULT_GROUP GD_ZXJ 10.97.110.251:8080 register finished
15:49:19.880 [main] INFO  c.a.c.n.r.NacosServiceRegistry - [deregister,95] - De-registering from Nacos Server now...
15:49:19.897 [main] INFO  c.a.c.n.r.NacosServiceRegistry - [deregister,115] - De-registration finished.
15:49:20.265 [main] INFO  c.a.d.p.DruidDataSource - [close,1948] - {dataSource-0} closing ...
15:49:22.276 [main] INFO  o.a.c.h.Http11NioProtocol - [log,173] - Pausing ProtocolHandler ["http-nio-8080"]
15:49:22.279 [main] INFO  o.a.c.c.StandardService - [log,173] - Stopping service [Tomcat]
15:49:22.311 [main] INFO  o.a.c.h.Http11NioProtocol - [log,173] - Stopping ProtocolHandler ["http-nio-8080"]
15:49:22.317 [main] INFO  o.a.c.h.Http11NioProtocol - [log,173] - Destroying ProtocolHandler ["http-nio-8080"]
15:52:19.097 [main] INFO  c.a.n.c.e.SearchableProperties - [sortPropertySourceDefaultOrder,197] - properties search order:PROPERTIES->JVM->ENV->DEFAULT_SETTING
15:52:19.985 [main] INFO  c.a.n.p.a.s.c.ClientAuthPluginManager - [init,56] - [ClientAuthPluginManager] Load ClientAuthService com.alibaba.nacos.client.auth.impl.NacosClientAuthServiceImpl success.
15:52:19.986 [main] INFO  c.a.n.p.a.s.c.ClientAuthPluginManager - [init,56] - [ClientAuthPluginManager] Load ClientAuthService com.alibaba.nacos.client.auth.ram.RamClientAuthServiceImpl success.
15:52:22.826 [main] INFO  c.j.a.ArchivalApplication - [logStartupProfileInfo,645] - No active profile set, falling back to 1 default profile: "default"
15:52:25.829 [main] INFO  o.a.c.h.Http11NioProtocol - [log,173] - Initializing ProtocolHandler ["http-nio-8080"]
15:52:25.830 [main] INFO  o.a.c.c.StandardService - [log,173] - Starting service [Tomcat]
15:52:25.830 [main] INFO  o.a.c.c.StandardEngine - [log,173] - Starting Servlet engine: [Apache Tomcat/9.0.68]
15:52:26.010 [main] INFO  o.a.c.c.C.[.[.[/] - [log,173] - Initializing Spring embedded WebApplicationContext
15:52:30.147 [main] INFO  c.a.a.s.ArthasConfiguration - [arthasAgent,70] - Arthas agent start success.
15:52:30.723 [main] INFO  o.a.c.h.Http11NioProtocol - [log,173] - Starting ProtocolHandler ["http-nio-8080"]
15:52:30.845 [main] INFO  c.a.n.p.a.s.c.ClientAuthPluginManager - [init,56] - [ClientAuthPluginManager] Load ClientAuthService com.alibaba.nacos.client.auth.impl.NacosClientAuthServiceImpl success.
15:52:30.846 [main] INFO  c.a.n.p.a.s.c.ClientAuthPluginManager - [init,56] - [ClientAuthPluginManager] Load ClientAuthService com.alibaba.nacos.client.auth.ram.RamClientAuthServiceImpl success.
15:52:31.535 [main] INFO  c.a.c.n.r.NacosServiceRegistry - [register,76] - nacos registry, DEFAULT_GROUP GD_ZXJ 10.97.110.251:8080 register finished
15:52:31.569 [main] INFO  c.a.c.n.r.NacosServiceRegistry - [deregister,95] - De-registering from Nacos Server now...
15:52:31.592 [main] INFO  c.a.c.n.r.NacosServiceRegistry - [deregister,115] - De-registration finished.
15:52:31.937 [main] INFO  c.a.d.p.DruidDataSource - [close,1948] - {dataSource-0} closing ...
15:52:33.949 [main] INFO  o.a.c.h.Http11NioProtocol - [log,173] - Pausing ProtocolHandler ["http-nio-8080"]
15:52:33.950 [main] INFO  o.a.c.c.StandardService - [log,173] - Stopping service [Tomcat]
15:52:33.983 [main] INFO  o.a.c.h.Http11NioProtocol - [log,173] - Stopping ProtocolHandler ["http-nio-8080"]
15:52:33.987 [main] INFO  o.a.c.h.Http11NioProtocol - [log,173] - Destroying ProtocolHandler ["http-nio-8080"]
15:52:58.278 [main] INFO  c.a.n.c.e.SearchableProperties - [sortPropertySourceDefaultOrder,197] - properties search order:PROPERTIES->JVM->ENV->DEFAULT_SETTING
15:52:58.860 [main] INFO  c.a.n.p.a.s.c.ClientAuthPluginManager - [init,56] - [ClientAuthPluginManager] Load ClientAuthService com.alibaba.nacos.client.auth.impl.NacosClientAuthServiceImpl success.
15:52:58.861 [main] INFO  c.a.n.p.a.s.c.ClientAuthPluginManager - [init,56] - [ClientAuthPluginManager] Load ClientAuthService com.alibaba.nacos.client.auth.ram.RamClientAuthServiceImpl success.
15:53:01.200 [main] INFO  c.j.a.ArchivalApplication - [logStartupProfileInfo,645] - No active profile set, falling back to 1 default profile: "default"
15:53:03.843 [main] INFO  o.a.c.h.Http11NioProtocol - [log,173] - Initializing ProtocolHandler ["http-nio-8080"]
15:53:03.844 [main] INFO  o.a.c.c.StandardService - [log,173] - Starting service [Tomcat]
15:53:03.845 [main] INFO  o.a.c.c.StandardEngine - [log,173] - Starting Servlet engine: [Apache Tomcat/9.0.68]
15:53:04.027 [main] INFO  o.a.c.c.C.[.[.[/] - [log,173] - Initializing Spring embedded WebApplicationContext
15:53:06.758 [main] INFO  c.a.a.s.ArthasConfiguration - [arthasAgent,70] - Arthas agent start success.
15:53:07.145 [main] INFO  o.a.c.h.Http11NioProtocol - [log,173] - Starting ProtocolHandler ["http-nio-8080"]
15:53:07.198 [main] INFO  c.a.n.p.a.s.c.ClientAuthPluginManager - [init,56] - [ClientAuthPluginManager] Load ClientAuthService com.alibaba.nacos.client.auth.impl.NacosClientAuthServiceImpl success.
15:53:07.198 [main] INFO  c.a.n.p.a.s.c.ClientAuthPluginManager - [init,56] - [ClientAuthPluginManager] Load ClientAuthService com.alibaba.nacos.client.auth.ram.RamClientAuthServiceImpl success.
15:53:07.788 [main] INFO  c.a.c.n.r.NacosServiceRegistry - [register,76] - nacos registry, DEFAULT_GROUP GD_ZXJ 10.97.110.251:8080 register finished
15:53:07.801 [main] INFO  c.a.c.n.r.NacosServiceRegistry - [deregister,95] - De-registering from Nacos Server now...
15:53:07.819 [main] INFO  c.a.c.n.r.NacosServiceRegistry - [deregister,115] - De-registration finished.
15:53:08.159 [main] INFO  c.a.d.p.DruidDataSource - [close,1948] - {dataSource-0} closing ...
15:53:10.174 [main] INFO  o.a.c.h.Http11NioProtocol - [log,173] - Pausing ProtocolHandler ["http-nio-8080"]
15:53:10.175 [main] INFO  o.a.c.c.StandardService - [log,173] - Stopping service [Tomcat]
15:53:10.216 [main] INFO  o.a.c.h.Http11NioProtocol - [log,173] - Stopping ProtocolHandler ["http-nio-8080"]
15:53:10.223 [main] INFO  o.a.c.h.Http11NioProtocol - [log,173] - Destroying ProtocolHandler ["http-nio-8080"]
16:06:59.787 [main] INFO  c.a.n.c.e.SearchableProperties - [sortPropertySourceDefaultOrder,197] - properties search order:PROPERTIES->JVM->ENV->DEFAULT_SETTING
16:07:00.698 [main] INFO  c.a.n.p.a.s.c.ClientAuthPluginManager - [init,56] - [ClientAuthPluginManager] Load ClientAuthService com.alibaba.nacos.client.auth.impl.NacosClientAuthServiceImpl success.
16:07:00.698 [main] INFO  c.a.n.p.a.s.c.ClientAuthPluginManager - [init,56] - [ClientAuthPluginManager] Load ClientAuthService com.alibaba.nacos.client.auth.ram.RamClientAuthServiceImpl success.
16:07:03.909 [main] INFO  c.j.a.ArchivalApplication - [logStartupProfileInfo,645] - No active profile set, falling back to 1 default profile: "default"
16:07:07.384 [main] INFO  o.a.c.h.Http11NioProtocol - [log,173] - Initializing ProtocolHandler ["http-nio-8080"]
16:07:07.385 [main] INFO  o.a.c.c.StandardService - [log,173] - Starting service [Tomcat]
16:07:07.386 [main] INFO  o.a.c.c.StandardEngine - [log,173] - Starting Servlet engine: [Apache Tomcat/9.0.68]
16:07:07.599 [main] INFO  o.a.c.c.C.[.[.[/] - [log,173] - Initializing Spring embedded WebApplicationContext
16:07:13.902 [main] INFO  c.a.a.s.ArthasConfiguration - [arthasAgent,70] - Arthas agent start success.
16:07:14.443 [main] INFO  o.a.c.h.Http11NioProtocol - [log,173] - Starting ProtocolHandler ["http-nio-8080"]
16:07:14.516 [main] INFO  c.a.n.p.a.s.c.ClientAuthPluginManager - [init,56] - [ClientAuthPluginManager] Load ClientAuthService com.alibaba.nacos.client.auth.impl.NacosClientAuthServiceImpl success.
16:07:14.517 [main] INFO  c.a.n.p.a.s.c.ClientAuthPluginManager - [init,56] - [ClientAuthPluginManager] Load ClientAuthService com.alibaba.nacos.client.auth.ram.RamClientAuthServiceImpl success.
16:07:24.231 [main] INFO  c.a.d.p.DruidDataSource - [close,1948] - {dataSource-0} closing ...
16:07:25.239 [main] INFO  o.a.c.h.Http11NioProtocol - [log,173] - Pausing ProtocolHandler ["http-nio-8080"]
16:07:25.240 [main] INFO  o.a.c.c.StandardService - [log,173] - Stopping service [Tomcat]
16:07:25.281 [main] INFO  o.a.c.h.Http11NioProtocol - [log,173] - Stopping ProtocolHandler ["http-nio-8080"]
16:07:25.287 [main] INFO  o.a.c.h.Http11NioProtocol - [log,173] - Destroying ProtocolHandler ["http-nio-8080"]
16:07:53.962 [main] INFO  c.a.n.c.e.SearchableProperties - [sortPropertySourceDefaultOrder,197] - properties search order:PROPERTIES->JVM->ENV->DEFAULT_SETTING
16:07:54.537 [main] INFO  c.a.n.p.a.s.c.ClientAuthPluginManager - [init,56] - [ClientAuthPluginManager] Load ClientAuthService com.alibaba.nacos.client.auth.impl.NacosClientAuthServiceImpl success.
16:07:54.538 [main] INFO  c.a.n.p.a.s.c.ClientAuthPluginManager - [init,56] - [ClientAuthPluginManager] Load ClientAuthService com.alibaba.nacos.client.auth.ram.RamClientAuthServiceImpl success.
16:07:56.773 [main] INFO  c.j.a.ArchivalApplication - [logStartupProfileInfo,645] - No active profile set, falling back to 1 default profile: "default"
16:07:59.246 [main] INFO  o.a.c.h.Http11NioProtocol - [log,173] - Initializing ProtocolHandler ["http-nio-8080"]
16:07:59.247 [main] INFO  o.a.c.c.StandardService - [log,173] - Starting service [Tomcat]
16:07:59.248 [main] INFO  o.a.c.c.StandardEngine - [log,173] - Starting Servlet engine: [Apache Tomcat/9.0.68]
16:07:59.398 [main] INFO  o.a.c.c.C.[.[.[/] - [log,173] - Initializing Spring embedded WebApplicationContext
16:08:01.701 [main] INFO  c.a.a.s.ArthasConfiguration - [arthasAgent,70] - Arthas agent start success.
16:08:02.064 [main] INFO  o.a.c.h.Http11NioProtocol - [log,173] - Starting ProtocolHandler ["http-nio-8080"]
16:08:02.113 [main] INFO  c.a.n.p.a.s.c.ClientAuthPluginManager - [init,56] - [ClientAuthPluginManager] Load ClientAuthService com.alibaba.nacos.client.auth.impl.NacosClientAuthServiceImpl success.
16:08:02.113 [main] INFO  c.a.n.p.a.s.c.ClientAuthPluginManager - [init,56] - [ClientAuthPluginManager] Load ClientAuthService com.alibaba.nacos.client.auth.ram.RamClientAuthServiceImpl success.
16:08:02.616 [main] INFO  c.a.c.n.r.NacosServiceRegistry - [register,76] - nacos registry, DEFAULT_GROUP GD_ZXJ 10.97.110.251:8080 register finished
16:08:02.680 [main] INFO  c.j.a.ArchivalApplication - [logStarted,61] - Started ArchivalApplication in 9.452 seconds (JVM running for 16.622)
16:08:02.712 [main] INFO  c.a.c.n.r.NacosContextRefresher - [registerNacosListener,129] - [Nacos Config] Listening config: dataId=GD_ZXJ.properties, group=DEFAULT_GROUP
16:08:02.713 [main] INFO  c.a.c.n.r.NacosContextRefresher - [registerNacosListener,129] - [Nacos Config] Listening config: dataId=GD_ZXJ, group=DEFAULT_GROUP
16:08:02.713 [main] INFO  c.a.c.n.r.NacosContextRefresher - [registerNacosListener,129] - [Nacos Config] Listening config: dataId=GD_ZXJ.yml, group=DEFAULT_GROUP
16:08:47.403 [http-nio-8080-exec-1] INFO  o.a.c.c.C.[.[.[/] - [log,173] - Initializing Spring DispatcherServlet 'dispatcherServlet'
16:10:19.782 [SpringApplicationShutdownHook] INFO  c.a.c.n.r.NacosServiceRegistry - [deregister,95] - De-registering from Nacos Server now...
16:10:19.801 [SpringApplicationShutdownHook] INFO  c.a.c.n.r.NacosServiceRegistry - [deregister,115] - De-registration finished.
16:10:19.820 [SpringApplicationShutdownHook] INFO  c.a.d.p.DruidDataSource - [close,1948] - {dataSource-0} closing ...
16:10:31.721 [main] INFO  c.a.n.c.e.SearchableProperties - [sortPropertySourceDefaultOrder,197] - properties search order:PROPERTIES->JVM->ENV->DEFAULT_SETTING
16:10:32.339 [main] INFO  c.a.n.p.a.s.c.ClientAuthPluginManager - [init,56] - [ClientAuthPluginManager] Load ClientAuthService com.alibaba.nacos.client.auth.impl.NacosClientAuthServiceImpl success.
16:10:32.340 [main] INFO  c.a.n.p.a.s.c.ClientAuthPluginManager - [init,56] - [ClientAuthPluginManager] Load ClientAuthService com.alibaba.nacos.client.auth.ram.RamClientAuthServiceImpl success.
16:10:34.572 [main] INFO  c.j.a.ArchivalApplication - [logStartupProfileInfo,645] - No active profile set, falling back to 1 default profile: "default"
16:10:37.136 [main] INFO  o.a.c.h.Http11NioProtocol - [log,173] - Initializing ProtocolHandler ["http-nio-8080"]
16:10:37.137 [main] INFO  o.a.c.c.StandardService - [log,173] - Starting service [Tomcat]
16:10:37.137 [main] INFO  o.a.c.c.StandardEngine - [log,173] - Starting Servlet engine: [Apache Tomcat/9.0.68]
16:10:37.291 [main] INFO  o.a.c.c.C.[.[.[/] - [log,173] - Initializing Spring embedded WebApplicationContext
16:10:39.663 [main] INFO  c.a.a.s.ArthasConfiguration - [arthasAgent,70] - Arthas agent start success.
16:10:40.106 [main] INFO  o.a.c.h.Http11NioProtocol - [log,173] - Starting ProtocolHandler ["http-nio-8080"]
16:10:40.184 [main] INFO  c.a.n.p.a.s.c.ClientAuthPluginManager - [init,56] - [ClientAuthPluginManager] Load ClientAuthService com.alibaba.nacos.client.auth.impl.NacosClientAuthServiceImpl success.
16:10:40.184 [main] INFO  c.a.n.p.a.s.c.ClientAuthPluginManager - [init,56] - [ClientAuthPluginManager] Load ClientAuthService com.alibaba.nacos.client.auth.ram.RamClientAuthServiceImpl success.
16:10:40.988 [main] INFO  c.a.c.n.r.NacosServiceRegistry - [register,76] - nacos registry, DEFAULT_GROUP GD_ZXJ 10.97.110.251:8080 register finished
16:10:41.095 [main] INFO  c.j.a.ArchivalApplication - [logStarted,61] - Started ArchivalApplication in 10.094 seconds (JVM running for 16.915)
16:10:41.150 [main] INFO  c.a.c.n.r.NacosContextRefresher - [registerNacosListener,129] - [Nacos Config] Listening config: dataId=GD_ZXJ.properties, group=DEFAULT_GROUP
16:10:41.151 [main] INFO  c.a.c.n.r.NacosContextRefresher - [registerNacosListener,129] - [Nacos Config] Listening config: dataId=GD_ZXJ, group=DEFAULT_GROUP
16:10:41.153 [main] INFO  c.a.c.n.r.NacosContextRefresher - [registerNacosListener,129] - [Nacos Config] Listening config: dataId=GD_ZXJ.yml, group=DEFAULT_GROUP
16:11:35.079 [http-nio-8080-exec-1] INFO  o.a.c.c.C.[.[.[/] - [log,173] - Initializing Spring DispatcherServlet 'dispatcherServlet'
16:13:56.734 [SpringApplicationShutdownHook] INFO  c.a.c.n.r.NacosServiceRegistry - [deregister,95] - De-registering from Nacos Server now...
16:13:56.766 [SpringApplicationShutdownHook] INFO  c.a.c.n.r.NacosServiceRegistry - [deregister,115] - De-registration finished.
16:13:56.788 [SpringApplicationShutdownHook] INFO  c.a.d.p.DruidDataSource - [close,1948] - {dataSource-0} closing ...
16:14:07.023 [main] INFO  c.a.n.c.e.SearchableProperties - [sortPropertySourceDefaultOrder,197] - properties search order:PROPERTIES->JVM->ENV->DEFAULT_SETTING
16:14:07.704 [main] INFO  c.a.n.p.a.s.c.ClientAuthPluginManager - [init,56] - [ClientAuthPluginManager] Load ClientAuthService com.alibaba.nacos.client.auth.impl.NacosClientAuthServiceImpl success.
16:14:07.704 [main] INFO  c.a.n.p.a.s.c.ClientAuthPluginManager - [init,56] - [ClientAuthPluginManager] Load ClientAuthService com.alibaba.nacos.client.auth.ram.RamClientAuthServiceImpl success.
16:14:10.151 [main] INFO  c.j.a.ArchivalApplication - [logStartupProfileInfo,645] - No active profile set, falling back to 1 default profile: "default"
16:14:12.991 [main] INFO  o.a.c.h.Http11NioProtocol - [log,173] - Initializing ProtocolHandler ["http-nio-8080"]
16:14:12.992 [main] INFO  o.a.c.c.StandardService - [log,173] - Starting service [Tomcat]
16:14:12.992 [main] INFO  o.a.c.c.StandardEngine - [log,173] - Starting Servlet engine: [Apache Tomcat/9.0.68]
16:14:13.188 [main] INFO  o.a.c.c.C.[.[.[/] - [log,173] - Initializing Spring embedded WebApplicationContext
16:14:16.513 [main] INFO  c.a.a.s.ArthasConfiguration - [arthasAgent,70] - Arthas agent start success.
16:14:16.883 [main] INFO  o.a.c.h.Http11NioProtocol - [log,173] - Starting ProtocolHandler ["http-nio-8080"]
16:14:16.925 [main] INFO  c.a.n.p.a.s.c.ClientAuthPluginManager - [init,56] - [ClientAuthPluginManager] Load ClientAuthService com.alibaba.nacos.client.auth.impl.NacosClientAuthServiceImpl success.
16:14:16.926 [main] INFO  c.a.n.p.a.s.c.ClientAuthPluginManager - [init,56] - [ClientAuthPluginManager] Load ClientAuthService com.alibaba.nacos.client.auth.ram.RamClientAuthServiceImpl success.
16:14:17.410 [main] INFO  c.a.c.n.r.NacosServiceRegistry - [register,76] - nacos registry, DEFAULT_GROUP GD_ZXJ 10.97.110.251:8080 register finished
16:14:17.465 [main] INFO  c.j.a.ArchivalApplication - [logStarted,61] - Started ArchivalApplication in 11.13 seconds (JVM running for 18.677)
16:14:17.514 [main] INFO  c.a.c.n.r.NacosContextRefresher - [registerNacosListener,129] - [Nacos Config] Listening config: dataId=GD_ZXJ.properties, group=DEFAULT_GROUP
16:14:17.515 [main] INFO  c.a.c.n.r.NacosContextRefresher - [registerNacosListener,129] - [Nacos Config] Listening config: dataId=GD_ZXJ, group=DEFAULT_GROUP
16:14:17.516 [main] INFO  c.a.c.n.r.NacosContextRefresher - [registerNacosListener,129] - [Nacos Config] Listening config: dataId=GD_ZXJ.yml, group=DEFAULT_GROUP
16:15:05.730 [http-nio-8080-exec-1] INFO  o.a.c.c.C.[.[.[/] - [log,173] - Initializing Spring DispatcherServlet 'dispatcherServlet'
16:15:44.658 [SpringApplicationShutdownHook] INFO  c.a.c.n.r.NacosServiceRegistry - [deregister,95] - De-registering from Nacos Server now...
16:15:44.681 [SpringApplicationShutdownHook] INFO  c.a.c.n.r.NacosServiceRegistry - [deregister,115] - De-registration finished.
16:15:44.711 [SpringApplicationShutdownHook] INFO  c.a.d.p.DruidDataSource - [close,1948] - {dataSource-0} closing ...
16:15:57.371 [main] INFO  c.a.n.c.e.SearchableProperties - [sortPropertySourceDefaultOrder,197] - properties search order:PROPERTIES->JVM->ENV->DEFAULT_SETTING
16:15:58.032 [main] INFO  c.a.n.p.a.s.c.ClientAuthPluginManager - [init,56] - [ClientAuthPluginManager] Load ClientAuthService com.alibaba.nacos.client.auth.impl.NacosClientAuthServiceImpl success.
16:15:58.033 [main] INFO  c.a.n.p.a.s.c.ClientAuthPluginManager - [init,56] - [ClientAuthPluginManager] Load ClientAuthService com.alibaba.nacos.client.auth.ram.RamClientAuthServiceImpl success.
16:16:00.297 [main] INFO  c.j.a.ArchivalApplication - [logStartupProfileInfo,645] - No active profile set, falling back to 1 default profile: "default"
16:16:02.845 [main] INFO  o.a.c.h.Http11NioProtocol - [log,173] - Initializing ProtocolHandler ["http-nio-8080"]
16:16:02.846 [main] INFO  o.a.c.c.StandardService - [log,173] - Starting service [Tomcat]
16:16:02.846 [main] INFO  o.a.c.c.StandardEngine - [log,173] - Starting Servlet engine: [Apache Tomcat/9.0.68]
16:16:03.000 [main] INFO  o.a.c.c.C.[.[.[/] - [log,173] - Initializing Spring embedded WebApplicationContext
16:16:05.765 [main] INFO  c.a.a.s.ArthasConfiguration - [arthasAgent,70] - Arthas agent start success.
16:16:06.133 [main] INFO  o.a.c.h.Http11NioProtocol - [log,173] - Starting ProtocolHandler ["http-nio-8080"]
16:16:06.181 [main] INFO  c.a.n.p.a.s.c.ClientAuthPluginManager - [init,56] - [ClientAuthPluginManager] Load ClientAuthService com.alibaba.nacos.client.auth.impl.NacosClientAuthServiceImpl success.
16:16:06.181 [main] INFO  c.a.n.p.a.s.c.ClientAuthPluginManager - [init,56] - [ClientAuthPluginManager] Load ClientAuthService com.alibaba.nacos.client.auth.ram.RamClientAuthServiceImpl success.
16:16:06.641 [main] INFO  c.a.c.n.r.NacosServiceRegistry - [register,76] - nacos registry, DEFAULT_GROUP GD_ZXJ 10.97.110.251:8080 register finished
16:16:06.695 [main] INFO  c.j.a.ArchivalApplication - [logStarted,61] - Started ArchivalApplication in 10.031 seconds (JVM running for 17.118)
16:16:06.717 [main] INFO  c.a.c.n.r.NacosContextRefresher - [registerNacosListener,129] - [Nacos Config] Listening config: dataId=GD_ZXJ.properties, group=DEFAULT_GROUP
16:16:06.719 [main] INFO  c.a.c.n.r.NacosContextRefresher - [registerNacosListener,129] - [Nacos Config] Listening config: dataId=GD_ZXJ, group=DEFAULT_GROUP
16:16:06.719 [main] INFO  c.a.c.n.r.NacosContextRefresher - [registerNacosListener,129] - [Nacos Config] Listening config: dataId=GD_ZXJ.yml, group=DEFAULT_GROUP
16:16:19.382 [http-nio-8080-exec-1] INFO  o.a.c.c.C.[.[.[/] - [log,173] - Initializing Spring DispatcherServlet 'dispatcherServlet'
16:17:08.742 [SpringApplicationShutdownHook] INFO  c.a.c.n.r.NacosServiceRegistry - [deregister,95] - De-registering from Nacos Server now...
16:17:08.760 [SpringApplicationShutdownHook] INFO  c.a.c.n.r.NacosServiceRegistry - [deregister,115] - De-registration finished.
16:17:08.780 [SpringApplicationShutdownHook] INFO  c.a.d.p.DruidDataSource - [close,1948] - {dataSource-0} closing ...
16:17:17.344 [main] INFO  c.a.n.c.e.SearchableProperties - [sortPropertySourceDefaultOrder,197] - properties search order:PROPERTIES->JVM->ENV->DEFAULT_SETTING
16:17:18.034 [main] INFO  c.a.n.p.a.s.c.ClientAuthPluginManager - [init,56] - [ClientAuthPluginManager] Load ClientAuthService com.alibaba.nacos.client.auth.impl.NacosClientAuthServiceImpl success.
16:17:18.035 [main] INFO  c.a.n.p.a.s.c.ClientAuthPluginManager - [init,56] - [ClientAuthPluginManager] Load ClientAuthService com.alibaba.nacos.client.auth.ram.RamClientAuthServiceImpl success.
16:17:20.426 [main] INFO  c.j.a.ArchivalApplication - [logStartupProfileInfo,645] - No active profile set, falling back to 1 default profile: "default"
16:17:22.714 [main] INFO  o.a.c.h.Http11NioProtocol - [log,173] - Initializing ProtocolHandler ["http-nio-8080"]
16:17:22.715 [main] INFO  o.a.c.c.StandardService - [log,173] - Starting service [Tomcat]
16:17:22.715 [main] INFO  o.a.c.c.StandardEngine - [log,173] - Starting Servlet engine: [Apache Tomcat/9.0.68]
16:17:22.857 [main] INFO  o.a.c.c.C.[.[.[/] - [log,173] - Initializing Spring embedded WebApplicationContext
16:17:25.122 [main] INFO  c.a.a.s.ArthasConfiguration - [arthasAgent,70] - Arthas agent start success.
16:17:25.457 [main] INFO  o.a.c.h.Http11NioProtocol - [log,173] - Starting ProtocolHandler ["http-nio-8080"]
16:17:25.525 [main] INFO  c.a.n.p.a.s.c.ClientAuthPluginManager - [init,56] - [ClientAuthPluginManager] Load ClientAuthService com.alibaba.nacos.client.auth.impl.NacosClientAuthServiceImpl success.
16:17:25.525 [main] INFO  c.a.n.p.a.s.c.ClientAuthPluginManager - [init,56] - [ClientAuthPluginManager] Load ClientAuthService com.alibaba.nacos.client.auth.ram.RamClientAuthServiceImpl success.
16:17:25.943 [main] INFO  c.a.c.n.r.NacosServiceRegistry - [register,76] - nacos registry, DEFAULT_GROUP GD_ZXJ 10.97.110.251:8080 register finished
16:17:25.992 [main] INFO  c.j.a.ArchivalApplication - [logStarted,61] - Started ArchivalApplication in 9.348 seconds (JVM running for 16.326)
16:17:26.014 [main] INFO  c.a.c.n.r.NacosContextRefresher - [registerNacosListener,129] - [Nacos Config] Listening config: dataId=GD_ZXJ.properties, group=DEFAULT_GROUP
16:17:26.015 [main] INFO  c.a.c.n.r.NacosContextRefresher - [registerNacosListener,129] - [Nacos Config] Listening config: dataId=GD_ZXJ, group=DEFAULT_GROUP
16:17:26.015 [main] INFO  c.a.c.n.r.NacosContextRefresher - [registerNacosListener,129] - [Nacos Config] Listening config: dataId=GD_ZXJ.yml, group=DEFAULT_GROUP
16:18:09.762 [http-nio-8080-exec-2] INFO  o.a.c.c.C.[.[.[/] - [log,173] - Initializing Spring DispatcherServlet 'dispatcherServlet'
16:22:03.564 [SpringApplicationShutdownHook] INFO  c.a.c.n.r.NacosServiceRegistry - [deregister,95] - De-registering from Nacos Server now...
16:22:03.592 [SpringApplicationShutdownHook] INFO  c.a.c.n.r.NacosServiceRegistry - [deregister,115] - De-registration finished.
16:22:03.620 [SpringApplicationShutdownHook] INFO  c.a.d.p.DruidDataSource - [close,1948] - {dataSource-0} closing ...
16:22:16.444 [main] INFO  c.a.n.c.e.SearchableProperties - [sortPropertySourceDefaultOrder,197] - properties search order:PROPERTIES->JVM->ENV->DEFAULT_SETTING
16:22:17.171 [main] INFO  c.a.n.p.a.s.c.ClientAuthPluginManager - [init,56] - [ClientAuthPluginManager] Load ClientAuthService com.alibaba.nacos.client.auth.impl.NacosClientAuthServiceImpl success.
16:22:17.172 [main] INFO  c.a.n.p.a.s.c.ClientAuthPluginManager - [init,56] - [ClientAuthPluginManager] Load ClientAuthService com.alibaba.nacos.client.auth.ram.RamClientAuthServiceImpl success.
16:22:19.695 [main] INFO  c.j.a.ArchivalApplication - [logStartupProfileInfo,645] - No active profile set, falling back to 1 default profile: "default"
16:22:22.278 [main] INFO  o.a.c.h.Http11NioProtocol - [log,173] - Initializing ProtocolHandler ["http-nio-8080"]
16:22:22.279 [main] INFO  o.a.c.c.StandardService - [log,173] - Starting service [Tomcat]
16:22:22.279 [main] INFO  o.a.c.c.StandardEngine - [log,173] - Starting Servlet engine: [Apache Tomcat/9.0.68]
16:22:22.433 [main] INFO  o.a.c.c.C.[.[.[/] - [log,173] - Initializing Spring embedded WebApplicationContext
16:22:25.005 [main] INFO  c.a.a.s.ArthasConfiguration - [arthasAgent,70] - Arthas agent start success.
16:22:25.340 [main] INFO  o.a.c.h.Http11NioProtocol - [log,173] - Starting ProtocolHandler ["http-nio-8080"]
16:22:25.379 [main] INFO  c.a.n.p.a.s.c.ClientAuthPluginManager - [init,56] - [ClientAuthPluginManager] Load ClientAuthService com.alibaba.nacos.client.auth.impl.NacosClientAuthServiceImpl success.
16:22:25.379 [main] INFO  c.a.n.p.a.s.c.ClientAuthPluginManager - [init,56] - [ClientAuthPluginManager] Load ClientAuthService com.alibaba.nacos.client.auth.ram.RamClientAuthServiceImpl success.
16:22:25.816 [main] INFO  c.a.c.n.r.NacosServiceRegistry - [register,76] - nacos registry, DEFAULT_GROUP GD_ZXJ 10.97.110.251:8080 register finished
16:22:25.864 [main] INFO  c.j.a.ArchivalApplication - [logStarted,61] - Started ArchivalApplication in 10.158 seconds (JVM running for 18.532)
16:22:25.886 [main] INFO  c.a.c.n.r.NacosContextRefresher - [registerNacosListener,129] - [Nacos Config] Listening config: dataId=GD_ZXJ.properties, group=DEFAULT_GROUP
16:22:25.887 [main] INFO  c.a.c.n.r.NacosContextRefresher - [registerNacosListener,129] - [Nacos Config] Listening config: dataId=GD_ZXJ, group=DEFAULT_GROUP
16:22:25.887 [main] INFO  c.a.c.n.r.NacosContextRefresher - [registerNacosListener,129] - [Nacos Config] Listening config: dataId=GD_ZXJ.yml, group=DEFAULT_GROUP
16:23:02.434 [http-nio-8080-exec-1] INFO  o.a.c.c.C.[.[.[/] - [log,173] - Initializing Spring DispatcherServlet 'dispatcherServlet'
16:23:16.774 [SpringApplicationShutdownHook] INFO  c.a.c.n.r.NacosServiceRegistry - [deregister,95] - De-registering from Nacos Server now...
16:23:16.792 [SpringApplicationShutdownHook] INFO  c.a.c.n.r.NacosServiceRegistry - [deregister,115] - De-registration finished.
16:23:16.817 [SpringApplicationShutdownHook] INFO  c.a.d.p.DruidDataSource - [close,1948] - {dataSource-0} closing ...
16:23:21.627 [restartedMain] INFO  c.a.n.c.e.SearchableProperties - [sortPropertySourceDefaultOrder,197] - properties search order:PROPERTIES->JVM->ENV->DEFAULT_SETTING
16:23:21.999 [restartedMain] INFO  c.a.n.p.a.s.c.ClientAuthPluginManager - [init,56] - [ClientAuthPluginManager] Load ClientAuthService com.alibaba.nacos.client.auth.impl.NacosClientAuthServiceImpl success.
16:23:21.999 [restartedMain] INFO  c.a.n.p.a.s.c.ClientAuthPluginManager - [init,56] - [ClientAuthPluginManager] Load ClientAuthService com.alibaba.nacos.client.auth.ram.RamClientAuthServiceImpl success.
16:23:23.707 [restartedMain] INFO  c.j.a.ArchivalApplication - [logStartupProfileInfo,645] - No active profile set, falling back to 1 default profile: "default"
16:23:25.238 [restartedMain] INFO  o.a.c.h.Http11NioProtocol - [log,173] - Initializing ProtocolHandler ["http-nio-8080"]
16:23:25.239 [restartedMain] INFO  o.a.c.c.StandardService - [log,173] - Starting service [Tomcat]
16:23:25.239 [restartedMain] INFO  o.a.c.c.StandardEngine - [log,173] - Starting Servlet engine: [Apache Tomcat/9.0.68]
16:23:25.318 [restartedMain] INFO  o.a.c.c.C.[.[.[/] - [log,173] - Initializing Spring embedded WebApplicationContext
16:23:26.993 [restartedMain] INFO  c.a.a.s.ArthasConfiguration - [arthasAgent,70] - Arthas agent start success.
16:23:27.214 [restartedMain] INFO  o.a.c.h.Http11NioProtocol - [log,173] - Starting ProtocolHandler ["http-nio-8080"]
16:23:27.241 [restartedMain] INFO  c.a.n.p.a.s.c.ClientAuthPluginManager - [init,56] - [ClientAuthPluginManager] Load ClientAuthService com.alibaba.nacos.client.auth.impl.NacosClientAuthServiceImpl success.
16:23:27.242 [restartedMain] INFO  c.a.n.p.a.s.c.ClientAuthPluginManager - [init,56] - [ClientAuthPluginManager] Load ClientAuthService com.alibaba.nacos.client.auth.ram.RamClientAuthServiceImpl success.
16:23:27.538 [restartedMain] INFO  c.a.c.n.r.NacosServiceRegistry - [register,76] - nacos registry, DEFAULT_GROUP GD_ZXJ 10.97.110.251:8080 register finished
16:23:27.570 [restartedMain] INFO  c.j.a.ArchivalApplication - [logStarted,61] - Started ArchivalApplication in 6.352 seconds (JVM running for 7.212)
16:23:27.582 [restartedMain] INFO  c.a.c.n.r.NacosContextRefresher - [registerNacosListener,129] - [Nacos Config] Listening config: dataId=GD_ZXJ.properties, group=DEFAULT_GROUP
16:23:27.583 [restartedMain] INFO  c.a.c.n.r.NacosContextRefresher - [registerNacosListener,129] - [Nacos Config] Listening config: dataId=GD_ZXJ, group=DEFAULT_GROUP
16:23:27.583 [restartedMain] INFO  c.a.c.n.r.NacosContextRefresher - [registerNacosListener,129] - [Nacos Config] Listening config: dataId=GD_ZXJ.yml, group=DEFAULT_GROUP
16:23:32.078 [http-nio-8080-exec-1] INFO  o.a.c.c.C.[.[.[/] - [log,173] - Initializing Spring DispatcherServlet 'dispatcherServlet'
16:25:23.746 [Thread-24] INFO  o.a.c.h.Http11NioProtocol - [log,173] - Pausing ProtocolHandler ["http-nio-8080"]
16:25:23.748 [Thread-24] INFO  o.a.c.c.StandardService - [log,173] - Stopping service [Tomcat]
16:25:23.752 [Thread-24] INFO  o.a.c.c.C.[.[.[/] - [log,173] - Destroying Spring FrameworkServlet 'dispatcherServlet'
16:25:23.785 [Thread-24] INFO  o.a.c.h.Http11NioProtocol - [log,173] - Stopping ProtocolHandler ["http-nio-8080"]
16:25:23.794 [Thread-24] INFO  o.a.c.h.Http11NioProtocol - [log,173] - Destroying ProtocolHandler ["http-nio-8080"]
16:25:23.796 [Thread-24] INFO  c.a.c.n.r.NacosServiceRegistry - [deregister,95] - De-registering from Nacos Server now...
16:25:23.824 [Thread-24] INFO  c.a.c.n.r.NacosServiceRegistry - [deregister,115] - De-registration finished.
16:25:23.845 [Thread-24] INFO  c.a.d.p.DruidDataSource - [close,1948] - {dataSource-0} closing ...
16:25:25.294 [restartedMain] INFO  c.j.a.ArchivalApplication - [logStartupProfileInfo,645] - No active profile set, falling back to 1 default profile: "default"
16:25:25.862 [restartedMain] INFO  o.a.c.h.Http11NioProtocol - [log,173] - Initializing ProtocolHandler ["http-nio-8080"]
16:25:25.862 [restartedMain] INFO  o.a.c.c.StandardService - [log,173] - Starting service [Tomcat]
16:25:25.862 [restartedMain] INFO  o.a.c.c.StandardEngine - [log,173] - Starting Servlet engine: [Apache Tomcat/9.0.68]
16:25:25.874 [restartedMain] INFO  o.a.c.c.C.[.[.[/] - [log,173] - Initializing Spring embedded WebApplicationContext
16:25:26.143 [restartedMain] INFO  c.a.a.s.ArthasConfiguration - [arthasAgent,70] - Arthas agent start success.
16:25:26.320 [restartedMain] INFO  o.a.c.h.Http11NioProtocol - [log,173] - Starting ProtocolHandler ["http-nio-8080"]
16:25:26.324 [restartedMain] INFO  c.a.n.p.a.s.c.ClientAuthPluginManager - [init,56] - [ClientAuthPluginManager] Load ClientAuthService com.alibaba.nacos.client.auth.impl.NacosClientAuthServiceImpl success.
16:25:26.324 [restartedMain] INFO  c.a.n.p.a.s.c.ClientAuthPluginManager - [init,56] - [ClientAuthPluginManager] Load ClientAuthService com.alibaba.nacos.client.auth.ram.RamClientAuthServiceImpl success.
16:25:26.651 [restartedMain] INFO  c.a.c.n.r.NacosServiceRegistry - [register,76] - nacos registry, DEFAULT_GROUP GD_ZXJ 10.97.110.251:8080 register finished
16:25:26.661 [restartedMain] INFO  c.a.c.n.r.NacosServiceRegistry - [deregister,95] - De-registering from Nacos Server now...
16:25:26.679 [restartedMain] INFO  c.a.c.n.r.NacosServiceRegistry - [deregister,115] - De-registration finished.
16:25:26.999 [restartedMain] INFO  c.a.d.p.DruidDataSource - [close,1948] - {dataSource-0} closing ...
16:25:29.003 [restartedMain] INFO  o.a.c.h.Http11NioProtocol - [log,173] - Pausing ProtocolHandler ["http-nio-8080"]
16:25:29.005 [restartedMain] INFO  o.a.c.c.StandardService - [log,173] - Stopping service [Tomcat]
16:25:29.007 [restartedMain] INFO  o.a.c.h.Http11NioProtocol - [log,173] - Stopping ProtocolHandler ["http-nio-8080"]
16:25:29.010 [restartedMain] INFO  o.a.c.h.Http11NioProtocol - [log,173] - Destroying ProtocolHandler ["http-nio-8080"]
16:25:31.642 [restartedMain] INFO  c.j.a.ArchivalApplication - [logStartupProfileInfo,645] - No active profile set, falling back to 1 default profile: "default"
16:25:32.119 [restartedMain] INFO  o.a.c.h.Http11NioProtocol - [log,173] - Initializing ProtocolHandler ["http-nio-8080"]
16:25:32.119 [restartedMain] INFO  o.a.c.c.StandardService - [log,173] - Starting service [Tomcat]
16:25:32.119 [restartedMain] INFO  o.a.c.c.StandardEngine - [log,173] - Starting Servlet engine: [Apache Tomcat/9.0.68]
16:25:32.126 [restartedMain] INFO  o.a.c.c.C.[.[.[/] - [log,173] - Initializing Spring embedded WebApplicationContext
16:25:32.313 [restartedMain] INFO  c.a.a.s.ArthasConfiguration - [arthasAgent,70] - Arthas agent start success.
16:25:32.418 [restartedMain] INFO  o.a.c.h.Http11NioProtocol - [log,173] - Starting ProtocolHandler ["http-nio-8080"]
16:25:32.421 [restartedMain] INFO  c.a.n.p.a.s.c.ClientAuthPluginManager - [init,56] - [ClientAuthPluginManager] Load ClientAuthService com.alibaba.nacos.client.auth.impl.NacosClientAuthServiceImpl success.
16:25:32.421 [restartedMain] INFO  c.a.n.p.a.s.c.ClientAuthPluginManager - [init,56] - [ClientAuthPluginManager] Load ClientAuthService com.alibaba.nacos.client.auth.ram.RamClientAuthServiceImpl success.
16:25:32.688 [restartedMain] INFO  c.a.c.n.r.NacosServiceRegistry - [register,76] - nacos registry, DEFAULT_GROUP GD_ZXJ 10.97.110.251:8080 register finished
16:25:32.692 [restartedMain] INFO  c.a.c.n.r.NacosServiceRegistry - [deregister,95] - De-registering from Nacos Server now...
16:25:32.706 [restartedMain] INFO  c.a.c.n.r.NacosServiceRegistry - [deregister,115] - De-registration finished.
16:25:33.022 [restartedMain] INFO  c.a.d.p.DruidDataSource - [close,1948] - {dataSource-0} closing ...
16:25:35.029 [restartedMain] INFO  o.a.c.h.Http11NioProtocol - [log,173] - Pausing ProtocolHandler ["http-nio-8080"]
16:25:35.030 [restartedMain] INFO  o.a.c.c.StandardService - [log,173] - Stopping service [Tomcat]
16:25:35.034 [restartedMain] INFO  o.a.c.h.Http11NioProtocol - [log,173] - Stopping ProtocolHandler ["http-nio-8080"]
16:25:35.036 [restartedMain] INFO  o.a.c.h.Http11NioProtocol - [log,173] - Destroying ProtocolHandler ["http-nio-8080"]
16:26:34.081 [restartedMain] INFO  c.j.a.ArchivalApplication - [logStartupProfileInfo,645] - No active profile set, falling back to 1 default profile: "default"
16:26:34.516 [restartedMain] INFO  o.a.c.h.Http11NioProtocol - [log,173] - Initializing ProtocolHandler ["http-nio-8080"]
16:26:34.517 [restartedMain] INFO  o.a.c.c.StandardService - [log,173] - Starting service [Tomcat]
16:26:34.517 [restartedMain] INFO  o.a.c.c.StandardEngine - [log,173] - Starting Servlet engine: [Apache Tomcat/9.0.68]
16:26:34.528 [restartedMain] INFO  o.a.c.c.C.[.[.[/] - [log,173] - Initializing Spring embedded WebApplicationContext
16:26:34.758 [restartedMain] INFO  c.a.a.s.ArthasConfiguration - [arthasAgent,70] - Arthas agent start success.
16:26:34.890 [restartedMain] INFO  o.a.c.h.Http11NioProtocol - [log,173] - Starting ProtocolHandler ["http-nio-8080"]
16:26:34.894 [restartedMain] INFO  c.a.n.p.a.s.c.ClientAuthPluginManager - [init,56] - [ClientAuthPluginManager] Load ClientAuthService com.alibaba.nacos.client.auth.impl.NacosClientAuthServiceImpl success.
16:26:34.894 [restartedMain] INFO  c.a.n.p.a.s.c.ClientAuthPluginManager - [init,56] - [ClientAuthPluginManager] Load ClientAuthService com.alibaba.nacos.client.auth.ram.RamClientAuthServiceImpl success.
16:26:35.081 [restartedMain] INFO  c.a.c.n.r.NacosServiceRegistry - [register,76] - nacos registry, DEFAULT_GROUP GD_ZXJ 10.97.110.251:8080 register finished
16:26:35.086 [restartedMain] INFO  c.a.c.n.r.NacosServiceRegistry - [deregister,95] - De-registering from Nacos Server now...
16:26:35.101 [restartedMain] INFO  c.a.c.n.r.NacosServiceRegistry - [deregister,115] - De-registration finished.
16:26:35.413 [restartedMain] INFO  c.a.d.p.DruidDataSource - [close,1948] - {dataSource-0} closing ...
16:26:37.420 [restartedMain] INFO  o.a.c.h.Http11NioProtocol - [log,173] - Pausing ProtocolHandler ["http-nio-8080"]
16:26:37.421 [restartedMain] INFO  o.a.c.c.StandardService - [log,173] - Stopping service [Tomcat]
16:26:37.423 [restartedMain] INFO  o.a.c.h.Http11NioProtocol - [log,173] - Stopping ProtocolHandler ["http-nio-8080"]
16:26:37.426 [restartedMain] INFO  o.a.c.h.Http11NioProtocol - [log,173] - Destroying ProtocolHandler ["http-nio-8080"]
16:27:34.788 [restartedMain] INFO  c.a.n.c.e.SearchableProperties - [sortPropertySourceDefaultOrder,197] - properties search order:PROPERTIES->JVM->ENV->DEFAULT_SETTING
16:27:35.505 [restartedMain] INFO  c.a.n.p.a.s.c.ClientAuthPluginManager - [init,56] - [ClientAuthPluginManager] Load ClientAuthService com.alibaba.nacos.client.auth.impl.NacosClientAuthServiceImpl success.
16:27:35.506 [restartedMain] INFO  c.a.n.p.a.s.c.ClientAuthPluginManager - [init,56] - [ClientAuthPluginManager] Load ClientAuthService com.alibaba.nacos.client.auth.ram.RamClientAuthServiceImpl success.
16:27:37.502 [restartedMain] INFO  c.j.a.ArchivalApplication - [logStartupProfileInfo,645] - No active profile set, falling back to 1 default profile: "default"
16:27:38.956 [restartedMain] INFO  o.a.c.h.Http11NioProtocol - [log,173] - Initializing ProtocolHandler ["http-nio-8080"]
16:27:38.956 [restartedMain] INFO  o.a.c.c.StandardService - [log,173] - Starting service [Tomcat]
16:27:38.957 [restartedMain] INFO  o.a.c.c.StandardEngine - [log,173] - Starting Servlet engine: [Apache Tomcat/9.0.68]
16:27:39.041 [restartedMain] INFO  o.a.c.c.C.[.[.[/] - [log,173] - Initializing Spring embedded WebApplicationContext
16:27:40.816 [restartedMain] INFO  c.a.a.s.ArthasConfiguration - [arthasAgent,70] - Arthas agent start success.
16:27:41.034 [restartedMain] INFO  o.a.c.h.Http11NioProtocol - [log,173] - Starting ProtocolHandler ["http-nio-8080"]
16:27:41.058 [restartedMain] INFO  c.a.n.p.a.s.c.ClientAuthPluginManager - [init,56] - [ClientAuthPluginManager] Load ClientAuthService com.alibaba.nacos.client.auth.impl.NacosClientAuthServiceImpl success.
16:27:41.059 [restartedMain] INFO  c.a.n.p.a.s.c.ClientAuthPluginManager - [init,56] - [ClientAuthPluginManager] Load ClientAuthService com.alibaba.nacos.client.auth.ram.RamClientAuthServiceImpl success.
16:27:41.650 [restartedMain] INFO  c.a.c.n.r.NacosServiceRegistry - [register,76] - nacos registry, DEFAULT_GROUP GD_ZXJ 10.97.110.251:8080 register finished
16:27:41.658 [restartedMain] INFO  c.a.c.n.r.NacosServiceRegistry - [deregister,95] - De-registering from Nacos Server now...
16:27:41.676 [restartedMain] INFO  c.a.c.n.r.NacosServiceRegistry - [deregister,115] - De-registration finished.
16:27:42.000 [restartedMain] INFO  c.a.d.p.DruidDataSource - [close,1948] - {dataSource-0} closing ...
16:27:44.009 [restartedMain] INFO  o.a.c.h.Http11NioProtocol - [log,173] - Pausing ProtocolHandler ["http-nio-8080"]
16:27:44.011 [restartedMain] INFO  o.a.c.c.StandardService - [log,173] - Stopping service [Tomcat]
16:27:44.024 [restartedMain] INFO  o.a.c.h.Http11NioProtocol - [log,173] - Stopping ProtocolHandler ["http-nio-8080"]
16:27:44.027 [restartedMain] INFO  o.a.c.h.Http11NioProtocol - [log,173] - Destroying ProtocolHandler ["http-nio-8080"]
16:32:21.534 [restartedMain] INFO  c.a.n.c.e.SearchableProperties - [sortPropertySourceDefaultOrder,197] - properties search order:PROPERTIES->JVM->ENV->DEFAULT_SETTING
16:32:22.349 [restartedMain] INFO  c.a.n.p.a.s.c.ClientAuthPluginManager - [init,56] - [ClientAuthPluginManager] Load ClientAuthService com.alibaba.nacos.client.auth.impl.NacosClientAuthServiceImpl success.
16:32:22.350 [restartedMain] INFO  c.a.n.p.a.s.c.ClientAuthPluginManager - [init,56] - [ClientAuthPluginManager] Load ClientAuthService com.alibaba.nacos.client.auth.ram.RamClientAuthServiceImpl success.
16:32:24.943 [restartedMain] INFO  c.j.a.ArchivalApplication - [logStartupProfileInfo,645] - No active profile set, falling back to 1 default profile: "default"
16:32:26.871 [restartedMain] INFO  o.a.c.h.Http11NioProtocol - [log,173] - Initializing ProtocolHandler ["http-nio-8080"]
16:32:26.871 [restartedMain] INFO  o.a.c.c.StandardService - [log,173] - Starting service [Tomcat]
16:32:26.872 [restartedMain] INFO  o.a.c.c.StandardEngine - [log,173] - Starting Servlet engine: [Apache Tomcat/9.0.68]
16:32:26.969 [restartedMain] INFO  o.a.c.c.C.[.[.[/] - [log,173] - Initializing Spring embedded WebApplicationContext
16:32:29.073 [restartedMain] INFO  c.a.a.s.ArthasConfiguration - [arthasAgent,70] - Arthas agent start success.
16:32:29.423 [restartedMain] INFO  o.a.c.h.Http11NioProtocol - [log,173] - Starting ProtocolHandler ["http-nio-8080"]
16:32:29.480 [restartedMain] INFO  c.a.n.p.a.s.c.ClientAuthPluginManager - [init,56] - [ClientAuthPluginManager] Load ClientAuthService com.alibaba.nacos.client.auth.impl.NacosClientAuthServiceImpl success.
16:32:29.480 [restartedMain] INFO  c.a.n.p.a.s.c.ClientAuthPluginManager - [init,56] - [ClientAuthPluginManager] Load ClientAuthService com.alibaba.nacos.client.auth.ram.RamClientAuthServiceImpl success.
16:32:30.258 [restartedMain] INFO  c.a.c.n.r.NacosServiceRegistry - [register,76] - nacos registry, DEFAULT_GROUP GD_ZXJ 10.97.110.251:8080 register finished
16:32:30.299 [restartedMain] INFO  c.j.a.ArchivalApplication - [logStarted,61] - Started ArchivalApplication in 9.234 seconds (JVM running for 10.511)
16:32:30.322 [restartedMain] INFO  c.a.c.n.r.NacosContextRefresher - [registerNacosListener,129] - [Nacos Config] Listening config: dataId=GD_ZXJ.properties, group=DEFAULT_GROUP
16:32:30.322 [restartedMain] INFO  c.a.c.n.r.NacosContextRefresher - [registerNacosListener,129] - [Nacos Config] Listening config: dataId=GD_ZXJ, group=DEFAULT_GROUP
16:32:30.323 [restartedMain] INFO  c.a.c.n.r.NacosContextRefresher - [registerNacosListener,129] - [Nacos Config] Listening config: dataId=GD_ZXJ.yml, group=DEFAULT_GROUP
16:33:27.593 [http-nio-8080-exec-1] INFO  o.a.c.c.C.[.[.[/] - [log,173] - Initializing Spring DispatcherServlet 'dispatcherServlet'
16:34:53.015 [Thread-30] INFO  o.a.c.h.Http11NioProtocol - [log,173] - Pausing ProtocolHandler ["http-nio-8080"]
16:34:53.017 [Thread-30] INFO  o.a.c.c.StandardService - [log,173] - Stopping service [Tomcat]
16:34:53.022 [Thread-30] INFO  o.a.c.c.C.[.[.[/] - [log,173] - Destroying Spring FrameworkServlet 'dispatcherServlet'
16:34:53.071 [Thread-30] INFO  o.a.c.h.Http11NioProtocol - [log,173] - Stopping ProtocolHandler ["http-nio-8080"]
16:34:53.075 [Thread-30] INFO  o.a.c.h.Http11NioProtocol - [log,173] - Destroying ProtocolHandler ["http-nio-8080"]
16:34:53.089 [Thread-30] INFO  c.a.c.n.r.NacosServiceRegistry - [deregister,95] - De-registering from Nacos Server now...
16:34:53.113 [Thread-30] INFO  c.a.c.n.r.NacosServiceRegistry - [deregister,115] - De-registration finished.
16:34:53.131 [Thread-30] INFO  c.a.d.p.DruidDataSource - [close,1948] - {dataSource-0} closing ...
16:34:54.712 [restartedMain] INFO  c.j.a.ArchivalApplication - [logStartupProfileInfo,645] - No active profile set, falling back to 1 default profile: "default"
16:34:55.365 [restartedMain] INFO  o.a.c.h.Http11NioProtocol - [log,173] - Initializing ProtocolHandler ["http-nio-8080"]
16:34:55.366 [restartedMain] INFO  o.a.c.c.StandardService - [log,173] - Starting service [Tomcat]
16:34:55.366 [restartedMain] INFO  o.a.c.c.StandardEngine - [log,173] - Starting Servlet engine: [Apache Tomcat/9.0.68]
16:34:55.382 [restartedMain] INFO  o.a.c.c.C.[.[.[/] - [log,173] - Initializing Spring embedded WebApplicationContext
16:34:55.713 [restartedMain] INFO  c.a.a.s.ArthasConfiguration - [arthasAgent,70] - Arthas agent start success.
16:34:55.843 [restartedMain] INFO  o.a.c.h.Http11NioProtocol - [log,173] - Starting ProtocolHandler ["http-nio-8080"]
16:34:55.846 [restartedMain] INFO  c.a.n.p.a.s.c.ClientAuthPluginManager - [init,56] - [ClientAuthPluginManager] Load ClientAuthService com.alibaba.nacos.client.auth.impl.NacosClientAuthServiceImpl success.
16:34:55.846 [restartedMain] INFO  c.a.n.p.a.s.c.ClientAuthPluginManager - [init,56] - [ClientAuthPluginManager] Load ClientAuthService com.alibaba.nacos.client.auth.ram.RamClientAuthServiceImpl success.
16:34:56.050 [restartedMain] INFO  c.a.c.n.r.NacosServiceRegistry - [register,76] - nacos registry, DEFAULT_GROUP GD_ZXJ 10.97.110.251:8080 register finished
16:34:56.057 [restartedMain] INFO  c.a.c.n.r.NacosServiceRegistry - [deregister,95] - De-registering from Nacos Server now...
16:34:56.072 [restartedMain] INFO  c.a.c.n.r.NacosServiceRegistry - [deregister,115] - De-registration finished.
16:34:56.387 [restartedMain] INFO  c.a.d.p.DruidDataSource - [close,1948] - {dataSource-0} closing ...
16:34:58.393 [restartedMain] INFO  o.a.c.h.Http11NioProtocol - [log,173] - Pausing ProtocolHandler ["http-nio-8080"]
16:34:58.395 [restartedMain] INFO  o.a.c.c.StandardService - [log,173] - Stopping service [Tomcat]
16:34:58.397 [restartedMain] INFO  o.a.c.h.Http11NioProtocol - [log,173] - Stopping ProtocolHandler ["http-nio-8080"]
16:34:58.399 [restartedMain] INFO  o.a.c.h.Http11NioProtocol - [log,173] - Destroying ProtocolHandler ["http-nio-8080"]
16:35:01.008 [restartedMain] INFO  c.j.a.ArchivalApplication - [logStartupProfileInfo,645] - No active profile set, falling back to 1 default profile: "default"
16:35:01.587 [restartedMain] INFO  o.a.c.h.Http11NioProtocol - [log,173] - Initializing ProtocolHandler ["http-nio-8080"]
16:35:01.588 [restartedMain] INFO  o.a.c.c.StandardService - [log,173] - Starting service [Tomcat]
16:35:01.588 [restartedMain] INFO  o.a.c.c.StandardEngine - [log,173] - Starting Servlet engine: [Apache Tomcat/9.0.68]
16:35:01.599 [restartedMain] INFO  o.a.c.c.C.[.[.[/] - [log,173] - Initializing Spring embedded WebApplicationContext
16:35:01.886 [restartedMain] INFO  c.a.a.s.ArthasConfiguration - [arthasAgent,70] - Arthas agent start success.
16:35:02.011 [restartedMain] INFO  o.a.c.h.Http11NioProtocol - [log,173] - Starting ProtocolHandler ["http-nio-8080"]
16:35:02.016 [restartedMain] INFO  c.a.n.p.a.s.c.ClientAuthPluginManager - [init,56] - [ClientAuthPluginManager] Load ClientAuthService com.alibaba.nacos.client.auth.impl.NacosClientAuthServiceImpl success.
16:35:02.016 [restartedMain] INFO  c.a.n.p.a.s.c.ClientAuthPluginManager - [init,56] - [ClientAuthPluginManager] Load ClientAuthService com.alibaba.nacos.client.auth.ram.RamClientAuthServiceImpl success.
16:35:02.196 [restartedMain] INFO  c.a.c.n.r.NacosServiceRegistry - [register,76] - nacos registry, DEFAULT_GROUP GD_ZXJ 10.97.110.251:8080 register finished
16:35:02.201 [restartedMain] INFO  c.a.c.n.r.NacosServiceRegistry - [deregister,95] - De-registering from Nacos Server now...
16:35:02.217 [restartedMain] INFO  c.a.c.n.r.NacosServiceRegistry - [deregister,115] - De-registration finished.
16:35:02.533 [restartedMain] INFO  c.a.d.p.DruidDataSource - [close,1948] - {dataSource-0} closing ...
16:35:04.539 [restartedMain] INFO  o.a.c.h.Http11NioProtocol - [log,173] - Pausing ProtocolHandler ["http-nio-8080"]
16:35:04.541 [restartedMain] INFO  o.a.c.c.StandardService - [log,173] - Stopping service [Tomcat]
16:35:04.543 [restartedMain] INFO  o.a.c.h.Http11NioProtocol - [log,173] - Stopping ProtocolHandler ["http-nio-8080"]
16:35:04.547 [restartedMain] INFO  o.a.c.h.Http11NioProtocol - [log,173] - Destroying ProtocolHandler ["http-nio-8080"]
16:36:12.519 [restartedMain] INFO  c.a.n.c.e.SearchableProperties - [sortPropertySourceDefaultOrder,197] - properties search order:PROPERTIES->JVM->ENV->DEFAULT_SETTING
16:36:12.942 [restartedMain] INFO  c.a.n.p.a.s.c.ClientAuthPluginManager - [init,56] - [ClientAuthPluginManager] Load ClientAuthService com.alibaba.nacos.client.auth.impl.NacosClientAuthServiceImpl success.
16:36:12.942 [restartedMain] INFO  c.a.n.p.a.s.c.ClientAuthPluginManager - [init,56] - [ClientAuthPluginManager] Load ClientAuthService com.alibaba.nacos.client.auth.ram.RamClientAuthServiceImpl success.
16:36:14.833 [restartedMain] INFO  c.j.a.ArchivalApplication - [logStartupProfileInfo,645] - No active profile set, falling back to 1 default profile: "default"
16:36:16.424 [restartedMain] INFO  o.a.c.h.Http11NioProtocol - [log,173] - Initializing ProtocolHandler ["http-nio-8080"]
16:36:16.427 [restartedMain] INFO  o.a.c.c.StandardService - [log,173] - Starting service [Tomcat]
16:36:16.427 [restartedMain] INFO  o.a.c.c.StandardEngine - [log,173] - Starting Servlet engine: [Apache Tomcat/9.0.68]
16:36:16.523 [restartedMain] INFO  o.a.c.c.C.[.[.[/] - [log,173] - Initializing Spring embedded WebApplicationContext
16:36:18.437 [restartedMain] INFO  c.a.a.s.ArthasConfiguration - [arthasAgent,70] - Arthas agent start success.
16:36:18.642 [restartedMain] INFO  o.a.c.h.Http11NioProtocol - [log,173] - Starting ProtocolHandler ["http-nio-8080"]
16:36:18.667 [restartedMain] INFO  c.a.n.p.a.s.c.ClientAuthPluginManager - [init,56] - [ClientAuthPluginManager] Load ClientAuthService com.alibaba.nacos.client.auth.impl.NacosClientAuthServiceImpl success.
16:36:18.668 [restartedMain] INFO  c.a.n.p.a.s.c.ClientAuthPluginManager - [init,56] - [ClientAuthPluginManager] Load ClientAuthService com.alibaba.nacos.client.auth.ram.RamClientAuthServiceImpl success.
16:36:18.962 [restartedMain] INFO  c.a.c.n.r.NacosServiceRegistry - [register,76] - nacos registry, DEFAULT_GROUP GD_ZXJ 10.97.110.251:8080 register finished
16:36:18.973 [restartedMain] INFO  c.a.c.n.r.NacosServiceRegistry - [deregister,95] - De-registering from Nacos Server now...
16:36:18.987 [restartedMain] INFO  c.a.c.n.r.NacosServiceRegistry - [deregister,115] - De-registration finished.
16:36:19.309 [restartedMain] INFO  c.a.d.p.DruidDataSource - [close,1948] - {dataSource-0} closing ...
16:36:21.319 [restartedMain] INFO  o.a.c.h.Http11NioProtocol - [log,173] - Pausing ProtocolHandler ["http-nio-8080"]
16:36:21.321 [restartedMain] INFO  o.a.c.c.StandardService - [log,173] - Stopping service [Tomcat]
16:36:21.332 [restartedMain] INFO  o.a.c.h.Http11NioProtocol - [log,173] - Stopping ProtocolHandler ["http-nio-8080"]
16:36:21.334 [restartedMain] INFO  o.a.c.h.Http11NioProtocol - [log,173] - Destroying ProtocolHandler ["http-nio-8080"]
16:37:29.611 [restartedMain] INFO  c.a.n.c.e.SearchableProperties - [sortPropertySourceDefaultOrder,197] - properties search order:PROPERTIES->JVM->ENV->DEFAULT_SETTING
16:37:30.083 [restartedMain] INFO  c.a.n.p.a.s.c.ClientAuthPluginManager - [init,56] - [ClientAuthPluginManager] Load ClientAuthService com.alibaba.nacos.client.auth.impl.NacosClientAuthServiceImpl success.
16:37:30.084 [restartedMain] INFO  c.a.n.p.a.s.c.ClientAuthPluginManager - [init,56] - [ClientAuthPluginManager] Load ClientAuthService com.alibaba.nacos.client.auth.ram.RamClientAuthServiceImpl success.
16:37:32.229 [restartedMain] INFO  c.j.a.ArchivalApplication - [logStartupProfileInfo,645] - No active profile set, falling back to 1 default profile: "default"
16:37:33.918 [restartedMain] INFO  o.a.c.h.Http11NioProtocol - [log,173] - Initializing ProtocolHandler ["http-nio-8080"]
16:37:33.919 [restartedMain] INFO  o.a.c.c.StandardService - [log,173] - Starting service [Tomcat]
16:37:33.919 [restartedMain] INFO  o.a.c.c.StandardEngine - [log,173] - Starting Servlet engine: [Apache Tomcat/9.0.68]
16:37:34.023 [restartedMain] INFO  o.a.c.c.C.[.[.[/] - [log,173] - Initializing Spring embedded WebApplicationContext
16:37:36.263 [restartedMain] INFO  c.a.a.s.ArthasConfiguration - [arthasAgent,70] - Arthas agent start success.
16:37:36.549 [restartedMain] INFO  o.a.c.h.Http11NioProtocol - [log,173] - Starting ProtocolHandler ["http-nio-8080"]
16:37:36.589 [restartedMain] INFO  c.a.n.p.a.s.c.ClientAuthPluginManager - [init,56] - [ClientAuthPluginManager] Load ClientAuthService com.alibaba.nacos.client.auth.impl.NacosClientAuthServiceImpl success.
16:37:36.589 [restartedMain] INFO  c.a.n.p.a.s.c.ClientAuthPluginManager - [init,56] - [ClientAuthPluginManager] Load ClientAuthService com.alibaba.nacos.client.auth.ram.RamClientAuthServiceImpl success.
16:37:37.894 [restartedMain] INFO  c.a.c.n.r.NacosServiceRegistry - [register,76] - nacos registry, DEFAULT_GROUP GD_ZXJ 10.97.110.251:8080 register finished
16:37:37.937 [restartedMain] INFO  c.j.a.ArchivalApplication - [logStarted,61] - Started ArchivalApplication in 8.706 seconds (JVM running for 9.711)
16:37:37.966 [restartedMain] INFO  c.a.c.n.r.NacosContextRefresher - [registerNacosListener,129] - [Nacos Config] Listening config: dataId=GD_ZXJ.properties, group=DEFAULT_GROUP
16:37:37.968 [restartedMain] INFO  c.a.c.n.r.NacosContextRefresher - [registerNacosListener,129] - [Nacos Config] Listening config: dataId=GD_ZXJ, group=DEFAULT_GROUP
16:37:37.968 [restartedMain] INFO  c.a.c.n.r.NacosContextRefresher - [registerNacosListener,129] - [Nacos Config] Listening config: dataId=GD_ZXJ.yml, group=DEFAULT_GROUP
16:37:40.480 [http-nio-8080-exec-1] INFO  o.a.c.c.C.[.[.[/] - [log,173] - Initializing Spring DispatcherServlet 'dispatcherServlet'
16:38:02.505 [SpringApplicationShutdownHook] INFO  c.a.c.n.r.NacosServiceRegistry - [deregister,95] - De-registering from Nacos Server now...
16:38:02.530 [SpringApplicationShutdownHook] INFO  c.a.c.n.r.NacosServiceRegistry - [deregister,115] - De-registration finished.
16:38:02.540 [SpringApplicationShutdownHook] INFO  c.a.d.p.DruidDataSource - [close,1948] - {dataSource-0} closing ...
16:38:11.160 [restartedMain] INFO  c.a.n.c.e.SearchableProperties - [sortPropertySourceDefaultOrder,197] - properties search order:PROPERTIES->JVM->ENV->DEFAULT_SETTING
16:38:11.727 [restartedMain] INFO  c.a.n.p.a.s.c.ClientAuthPluginManager - [init,56] - [ClientAuthPluginManager] Load ClientAuthService com.alibaba.nacos.client.auth.impl.NacosClientAuthServiceImpl success.
16:38:11.727 [restartedMain] INFO  c.a.n.p.a.s.c.ClientAuthPluginManager - [init,56] - [ClientAuthPluginManager] Load ClientAuthService com.alibaba.nacos.client.auth.ram.RamClientAuthServiceImpl success.
16:38:13.775 [restartedMain] INFO  c.j.a.ArchivalApplication - [logStartupProfileInfo,645] - No active profile set, falling back to 1 default profile: "default"
16:38:15.425 [restartedMain] INFO  o.a.c.h.Http11NioProtocol - [log,173] - Initializing ProtocolHandler ["http-nio-8080"]
16:38:15.426 [restartedMain] INFO  o.a.c.c.StandardService - [log,173] - Starting service [Tomcat]
16:38:15.427 [restartedMain] INFO  o.a.c.c.StandardEngine - [log,173] - Starting Servlet engine: [Apache Tomcat/9.0.68]
16:38:15.507 [restartedMain] INFO  o.a.c.c.C.[.[.[/] - [log,173] - Initializing Spring embedded WebApplicationContext
16:38:33.968 [restartedMain] INFO  c.a.a.s.ArthasConfiguration - [arthasAgent,70] - Arthas agent start success.
16:38:34.276 [restartedMain] INFO  o.a.c.h.Http11NioProtocol - [log,173] - Starting ProtocolHandler ["http-nio-8080"]
16:38:34.320 [restartedMain] INFO  c.a.n.p.a.s.c.ClientAuthPluginManager - [init,56] - [ClientAuthPluginManager] Load ClientAuthService com.alibaba.nacos.client.auth.impl.NacosClientAuthServiceImpl success.
16:38:34.320 [restartedMain] INFO  c.a.n.p.a.s.c.ClientAuthPluginManager - [init,56] - [ClientAuthPluginManager] Load ClientAuthService com.alibaba.nacos.client.auth.ram.RamClientAuthServiceImpl success.
16:38:34.657 [restartedMain] INFO  c.a.c.n.r.NacosServiceRegistry - [register,76] - nacos registry, DEFAULT_GROUP GD_ZXJ 10.97.110.251:8080 register finished
16:38:34.693 [restartedMain] INFO  c.j.a.ArchivalApplication - [logStarted,61] - Started ArchivalApplication in 23.97 seconds (JVM running for 25.062)
16:38:34.707 [restartedMain] INFO  c.a.c.n.r.NacosContextRefresher - [registerNacosListener,129] - [Nacos Config] Listening config: dataId=GD_ZXJ.properties, group=DEFAULT_GROUP
16:38:34.708 [restartedMain] INFO  c.a.c.n.r.NacosContextRefresher - [registerNacosListener,129] - [Nacos Config] Listening config: dataId=GD_ZXJ, group=DEFAULT_GROUP
16:38:34.708 [restartedMain] INFO  c.a.c.n.r.NacosContextRefresher - [registerNacosListener,129] - [Nacos Config] Listening config: dataId=GD_ZXJ.yml, group=DEFAULT_GROUP
16:38:37.743 [http-nio-8080-exec-1] INFO  o.a.c.c.C.[.[.[/] - [log,173] - Initializing Spring DispatcherServlet 'dispatcherServlet'
16:42:03.553 [Thread-30] INFO  o.a.c.h.Http11NioProtocol - [log,173] - Pausing ProtocolHandler ["http-nio-8080"]
16:42:03.555 [Thread-30] INFO  o.a.c.c.StandardService - [log,173] - Stopping service [Tomcat]
16:42:03.558 [Thread-30] INFO  o.a.c.c.C.[.[.[/] - [log,173] - Destroying Spring FrameworkServlet 'dispatcherServlet'
16:42:03.582 [Thread-30] INFO  o.a.c.h.Http11NioProtocol - [log,173] - Stopping ProtocolHandler ["http-nio-8080"]
16:42:03.586 [Thread-30] INFO  o.a.c.h.Http11NioProtocol - [log,173] - Destroying ProtocolHandler ["http-nio-8080"]
16:42:03.589 [Thread-30] INFO  c.a.c.n.r.NacosServiceRegistry - [deregister,95] - De-registering from Nacos Server now...
16:42:03.735 [Thread-30] INFO  c.a.c.n.r.NacosServiceRegistry - [deregister,115] - De-registration finished.
16:42:03.749 [Thread-30] INFO  c.a.d.p.DruidDataSource - [close,1948] - {dataSource-0} closing ...
16:42:05.265 [restartedMain] INFO  c.j.a.ArchivalApplication - [logStartupProfileInfo,645] - No active profile set, falling back to 1 default profile: "default"
16:42:05.932 [restartedMain] INFO  o.a.c.h.Http11NioProtocol - [log,173] - Initializing ProtocolHandler ["http-nio-8080"]
16:42:05.932 [restartedMain] INFO  o.a.c.c.StandardService - [log,173] - Starting service [Tomcat]
16:42:05.932 [restartedMain] INFO  o.a.c.c.StandardEngine - [log,173] - Starting Servlet engine: [Apache Tomcat/9.0.68]
16:42:05.941 [restartedMain] INFO  o.a.c.c.C.[.[.[/] - [log,173] - Initializing Spring embedded WebApplicationContext
16:42:06.189 [restartedMain] INFO  c.a.a.s.ArthasConfiguration - [arthasAgent,70] - Arthas agent start success.
16:42:06.380 [restartedMain] INFO  o.a.c.h.Http11NioProtocol - [log,173] - Starting ProtocolHandler ["http-nio-8080"]
16:42:06.384 [restartedMain] INFO  c.a.n.p.a.s.c.ClientAuthPluginManager - [init,56] - [ClientAuthPluginManager] Load ClientAuthService com.alibaba.nacos.client.auth.impl.NacosClientAuthServiceImpl success.
16:42:06.384 [restartedMain] INFO  c.a.n.p.a.s.c.ClientAuthPluginManager - [init,56] - [ClientAuthPluginManager] Load ClientAuthService com.alibaba.nacos.client.auth.ram.RamClientAuthServiceImpl success.
16:42:06.595 [restartedMain] INFO  c.a.c.n.r.NacosServiceRegistry - [register,76] - nacos registry, DEFAULT_GROUP GD_ZXJ 10.97.110.251:8080 register finished
16:42:06.603 [restartedMain] INFO  c.a.c.n.r.NacosServiceRegistry - [deregister,95] - De-registering from Nacos Server now...
16:42:06.620 [restartedMain] INFO  c.a.c.n.r.NacosServiceRegistry - [deregister,115] - De-registration finished.
16:42:06.934 [restartedMain] INFO  c.a.d.p.DruidDataSource - [close,1948] - {dataSource-0} closing ...
16:42:08.938 [restartedMain] INFO  o.a.c.h.Http11NioProtocol - [log,173] - Pausing ProtocolHandler ["http-nio-8080"]
16:42:08.938 [restartedMain] INFO  o.a.c.c.StandardService - [log,173] - Stopping service [Tomcat]
16:42:08.940 [restartedMain] INFO  o.a.c.h.Http11NioProtocol - [log,173] - Stopping ProtocolHandler ["http-nio-8080"]
16:42:08.942 [restartedMain] INFO  o.a.c.h.Http11NioProtocol - [log,173] - Destroying ProtocolHandler ["http-nio-8080"]
16:43:30.361 [restartedMain] INFO  c.j.a.ArchivalApplication - [logStartupProfileInfo,645] - No active profile set, falling back to 1 default profile: "default"
16:43:31.257 [restartedMain] INFO  o.a.c.h.Http11NioProtocol - [log,173] - Initializing ProtocolHandler ["http-nio-8080"]
16:43:31.258 [restartedMain] INFO  o.a.c.c.StandardService - [log,173] - Starting service [Tomcat]
16:43:31.259 [restartedMain] INFO  o.a.c.c.StandardEngine - [log,173] - Starting Servlet engine: [Apache Tomcat/9.0.68]
16:43:31.277 [restartedMain] INFO  o.a.c.c.C.[.[.[/] - [log,173] - Initializing Spring embedded WebApplicationContext
16:43:31.754 [restartedMain] INFO  c.a.a.s.ArthasConfiguration - [arthasAgent,70] - Arthas agent start success.
16:43:31.862 [restartedMain] INFO  o.a.c.c.StandardService - [log,173] - Stopping service [Tomcat]
16:43:34.635 [restartedMain] INFO  c.j.a.ArchivalApplication - [logStartupProfileInfo,645] - No active profile set, falling back to 1 default profile: "default"
16:43:36.453 [restartedMain] INFO  o.a.c.h.Http11NioProtocol - [log,173] - Initializing ProtocolHandler ["http-nio-8080"]
16:43:36.454 [restartedMain] INFO  o.a.c.c.StandardService - [log,173] - Starting service [Tomcat]
16:43:36.456 [restartedMain] INFO  o.a.c.c.StandardEngine - [log,173] - Starting Servlet engine: [Apache Tomcat/9.0.68]
16:43:36.471 [restartedMain] INFO  o.a.c.c.C.[.[.[/] - [log,173] - Initializing Spring embedded WebApplicationContext
16:43:36.852 [restartedMain] INFO  c.a.a.s.ArthasConfiguration - [arthasAgent,70] - Arthas agent start success.
16:43:37.139 [restartedMain] INFO  o.a.c.h.Http11NioProtocol - [log,173] - Starting ProtocolHandler ["http-nio-8080"]
16:43:37.146 [restartedMain] INFO  c.a.n.p.a.s.c.ClientAuthPluginManager - [init,56] - [ClientAuthPluginManager] Load ClientAuthService com.alibaba.nacos.client.auth.impl.NacosClientAuthServiceImpl success.
16:43:37.146 [restartedMain] INFO  c.a.n.p.a.s.c.ClientAuthPluginManager - [init,56] - [ClientAuthPluginManager] Load ClientAuthService com.alibaba.nacos.client.auth.ram.RamClientAuthServiceImpl success.
16:43:37.353 [restartedMain] INFO  c.a.c.n.r.NacosServiceRegistry - [register,76] - nacos registry, DEFAULT_GROUP GD_ZXJ 10.97.110.251:8080 register finished
16:43:37.396 [restartedMain] INFO  c.j.a.ArchivalApplication - [logStarted,61] - Started ArchivalApplication in 4.073 seconds (JVM running for 327.764)
16:43:37.400 [restartedMain] INFO  c.a.c.n.r.NacosContextRefresher - [registerNacosListener,129] - [Nacos Config] Listening config: dataId=GD_ZXJ.properties, group=DEFAULT_GROUP
16:43:37.401 [restartedMain] INFO  c.a.c.n.r.NacosContextRefresher - [registerNacosListener,129] - [Nacos Config] Listening config: dataId=GD_ZXJ, group=DEFAULT_GROUP
16:43:37.401 [restartedMain] INFO  c.a.c.n.r.NacosContextRefresher - [registerNacosListener,129] - [Nacos Config] Listening config: dataId=GD_ZXJ.yml, group=DEFAULT_GROUP
16:44:23.344 [restartedMain] INFO  c.a.n.c.e.SearchableProperties - [sortPropertySourceDefaultOrder,197] - properties search order:PROPERTIES->JVM->ENV->DEFAULT_SETTING
16:44:23.883 [restartedMain] INFO  c.a.n.p.a.s.c.ClientAuthPluginManager - [init,56] - [ClientAuthPluginManager] Load ClientAuthService com.alibaba.nacos.client.auth.impl.NacosClientAuthServiceImpl success.
16:44:23.883 [restartedMain] INFO  c.a.n.p.a.s.c.ClientAuthPluginManager - [init,56] - [ClientAuthPluginManager] Load ClientAuthService com.alibaba.nacos.client.auth.ram.RamClientAuthServiceImpl success.
16:44:25.986 [restartedMain] INFO  c.j.a.ArchivalApplication - [logStartupProfileInfo,645] - No active profile set, falling back to 1 default profile: "default"
16:44:27.537 [restartedMain] INFO  o.a.c.h.Http11NioProtocol - [log,173] - Initializing ProtocolHandler ["http-nio-8080"]
16:44:27.538 [restartedMain] INFO  o.a.c.c.StandardService - [log,173] - Starting service [Tomcat]
16:44:27.538 [restartedMain] INFO  o.a.c.c.StandardEngine - [log,173] - Starting Servlet engine: [Apache Tomcat/9.0.68]
16:44:27.615 [restartedMain] INFO  o.a.c.c.C.[.[.[/] - [log,173] - Initializing Spring embedded WebApplicationContext
16:44:30.344 [restartedMain] INFO  c.a.a.s.ArthasConfiguration - [arthasAgent,70] - Arthas agent start success.
16:44:30.559 [restartedMain] INFO  o.a.c.h.Http11NioProtocol - [log,173] - Starting ProtocolHandler ["http-nio-8080"]
16:44:30.589 [restartedMain] INFO  c.a.n.p.a.s.c.ClientAuthPluginManager - [init,56] - [ClientAuthPluginManager] Load ClientAuthService com.alibaba.nacos.client.auth.impl.NacosClientAuthServiceImpl success.
16:44:30.590 [restartedMain] INFO  c.a.n.p.a.s.c.ClientAuthPluginManager - [init,56] - [ClientAuthPluginManager] Load ClientAuthService com.alibaba.nacos.client.auth.ram.RamClientAuthServiceImpl success.
16:44:30.921 [restartedMain] INFO  c.a.c.n.r.NacosServiceRegistry - [register,76] - nacos registry, DEFAULT_GROUP GD_ZXJ 10.97.110.251:8080 register finished
16:44:30.986 [restartedMain] INFO  c.j.a.ArchivalApplication - [logStarted,61] - Started ArchivalApplication in 8.052 seconds (JVM running for 8.968)
16:44:31.001 [restartedMain] INFO  c.a.c.n.r.NacosContextRefresher - [registerNacosListener,129] - [Nacos Config] Listening config: dataId=GD_ZXJ.properties, group=DEFAULT_GROUP
16:44:31.002 [restartedMain] INFO  c.a.c.n.r.NacosContextRefresher - [registerNacosListener,129] - [Nacos Config] Listening config: dataId=GD_ZXJ, group=DEFAULT_GROUP
16:44:31.002 [restartedMain] INFO  c.a.c.n.r.NacosContextRefresher - [registerNacosListener,129] - [Nacos Config] Listening config: dataId=GD_ZXJ.yml, group=DEFAULT_GROUP
16:45:09.351 [http-nio-8080-exec-1] INFO  o.a.c.c.C.[.[.[/] - [log,173] - Initializing Spring DispatcherServlet 'dispatcherServlet'
16:47:26.254 [SpringApplicationShutdownHook] INFO  c.a.c.n.r.NacosServiceRegistry - [deregister,95] - De-registering from Nacos Server now...
16:47:26.418 [SpringApplicationShutdownHook] INFO  c.a.c.n.r.NacosServiceRegistry - [deregister,115] - De-registration finished.
16:47:26.436 [SpringApplicationShutdownHook] INFO  c.a.d.p.DruidDataSource - [close,1948] - {dataSource-0} closing ...
16:47:31.969 [restartedMain] INFO  c.a.n.c.e.SearchableProperties - [sortPropertySourceDefaultOrder,197] - properties search order:PROPERTIES->JVM->ENV->DEFAULT_SETTING
16:47:32.339 [restartedMain] INFO  c.a.n.p.a.s.c.ClientAuthPluginManager - [init,56] - [ClientAuthPluginManager] Load ClientAuthService com.alibaba.nacos.client.auth.impl.NacosClientAuthServiceImpl success.
16:47:32.339 [restartedMain] INFO  c.a.n.p.a.s.c.ClientAuthPluginManager - [init,56] - [ClientAuthPluginManager] Load ClientAuthService com.alibaba.nacos.client.auth.ram.RamClientAuthServiceImpl success.
16:47:34.003 [restartedMain] INFO  c.j.a.ArchivalApplication - [logStartupProfileInfo,645] - No active profile set, falling back to 1 default profile: "default"
16:47:35.498 [restartedMain] INFO  o.a.c.h.Http11NioProtocol - [log,173] - Initializing ProtocolHandler ["http-nio-8080"]
16:47:35.499 [restartedMain] INFO  o.a.c.c.StandardService - [log,173] - Starting service [Tomcat]
16:47:35.499 [restartedMain] INFO  o.a.c.c.StandardEngine - [log,173] - Starting Servlet engine: [Apache Tomcat/9.0.68]
16:47:35.565 [restartedMain] INFO  o.a.c.c.C.[.[.[/] - [log,173] - Initializing Spring embedded WebApplicationContext
16:47:37.297 [restartedMain] INFO  c.a.a.s.ArthasConfiguration - [arthasAgent,70] - Arthas agent start success.
16:47:37.493 [restartedMain] INFO  o.a.c.h.Http11NioProtocol - [log,173] - Starting ProtocolHandler ["http-nio-8080"]
16:47:37.520 [restartedMain] INFO  c.a.n.p.a.s.c.ClientAuthPluginManager - [init,56] - [ClientAuthPluginManager] Load ClientAuthService com.alibaba.nacos.client.auth.impl.NacosClientAuthServiceImpl success.
16:47:37.520 [restartedMain] INFO  c.a.n.p.a.s.c.ClientAuthPluginManager - [init,56] - [ClientAuthPluginManager] Load ClientAuthService com.alibaba.nacos.client.auth.ram.RamClientAuthServiceImpl success.
16:47:37.818 [restartedMain] INFO  c.a.c.n.r.NacosServiceRegistry - [register,76] - nacos registry, DEFAULT_GROUP GD_ZXJ 10.97.110.251:8080 register finished
16:47:37.947 [restartedMain] INFO  c.j.a.ArchivalApplication - [logStarted,61] - Started ArchivalApplication in 6.337 seconds (JVM running for 7.208)
16:47:37.959 [restartedMain] INFO  c.a.c.n.r.NacosContextRefresher - [registerNacosListener,129] - [Nacos Config] Listening config: dataId=GD_ZXJ.properties, group=DEFAULT_GROUP
16:47:37.959 [restartedMain] INFO  c.a.c.n.r.NacosContextRefresher - [registerNacosListener,129] - [Nacos Config] Listening config: dataId=GD_ZXJ, group=DEFAULT_GROUP
16:47:37.960 [restartedMain] INFO  c.a.c.n.r.NacosContextRefresher - [registerNacosListener,129] - [Nacos Config] Listening config: dataId=GD_ZXJ.yml, group=DEFAULT_GROUP
16:47:44.980 [http-nio-8080-exec-1] INFO  o.a.c.c.C.[.[.[/] - [log,173] - Initializing Spring DispatcherServlet 'dispatcherServlet'
16:47:54.268 [http-nio-8080-exec-6] INFO  c.a.d.p.DruidDataSource - [init,1003] - {dataSource-1} inited
16:48:42.535 [main] INFO  c.a.n.c.e.SearchableProperties - [sortPropertySourceDefaultOrder,197] - properties search order:PROPERTIES->JVM->ENV->DEFAULT_SETTING
16:48:43.692 [main] INFO  c.a.n.p.a.s.c.ClientAuthPluginManager - [init,56] - [ClientAuthPluginManager] Load ClientAuthService com.alibaba.nacos.client.auth.impl.NacosClientAuthServiceImpl success.
16:48:43.693 [main] INFO  c.a.n.p.a.s.c.ClientAuthPluginManager - [init,56] - [ClientAuthPluginManager] Load ClientAuthService com.alibaba.nacos.client.auth.ram.RamClientAuthServiceImpl success.
16:48:46.244 [main] INFO  c.j.a.ArchivalApplication - [logStartupProfileInfo,645] - No active profile set, falling back to 1 default profile: "default"
16:48:49.027 [main] INFO  o.a.c.h.Http11NioProtocol - [log,173] - Initializing ProtocolHandler ["http-nio-8080"]
16:48:49.028 [main] INFO  o.a.c.c.StandardService - [log,173] - Starting service [Tomcat]
16:48:49.029 [main] INFO  o.a.c.c.StandardEngine - [log,173] - Starting Servlet engine: [Apache Tomcat/9.0.68]
16:48:49.198 [main] INFO  o.a.c.c.C.[.[.[/] - [log,173] - Initializing Spring embedded WebApplicationContext
16:48:52.265 [main] INFO  c.a.a.s.ArthasConfiguration - [arthasAgent,70] - Arthas agent start success.
16:48:52.594 [main] INFO  o.a.c.h.Http11NioProtocol - [log,173] - Starting ProtocolHandler ["http-nio-8080"]
16:48:52.640 [main] INFO  c.a.n.p.a.s.c.ClientAuthPluginManager - [init,56] - [ClientAuthPluginManager] Load ClientAuthService com.alibaba.nacos.client.auth.impl.NacosClientAuthServiceImpl success.
16:48:52.641 [main] INFO  c.a.n.p.a.s.c.ClientAuthPluginManager - [init,56] - [ClientAuthPluginManager] Load ClientAuthService com.alibaba.nacos.client.auth.ram.RamClientAuthServiceImpl success.
16:48:53.066 [main] INFO  c.a.c.n.r.NacosServiceRegistry - [register,76] - nacos registry, DEFAULT_GROUP GD_ZXJ 10.97.110.251:8080 register finished
16:48:53.363 [main] INFO  c.j.a.ArchivalApplication - [logStarted,61] - Started ArchivalApplication in 11.67 seconds (JVM running for 19.749)
16:48:53.437 [main] INFO  c.a.c.n.r.NacosContextRefresher - [registerNacosListener,129] - [Nacos Config] Listening config: dataId=GD_ZXJ.properties, group=DEFAULT_GROUP
16:48:53.438 [main] INFO  c.a.c.n.r.NacosContextRefresher - [registerNacosListener,129] - [Nacos Config] Listening config: dataId=GD_ZXJ, group=DEFAULT_GROUP
16:48:53.439 [main] INFO  c.a.c.n.r.NacosContextRefresher - [registerNacosListener,129] - [Nacos Config] Listening config: dataId=GD_ZXJ.yml, group=DEFAULT_GROUP
16:49:28.444 [http-nio-8080-exec-1] INFO  o.a.c.c.C.[.[.[/] - [log,173] - Initializing Spring DispatcherServlet 'dispatcherServlet'
16:50:17.143 [http-nio-8080-exec-6] INFO  c.a.d.p.DruidDataSource - [init,1003] - {dataSource-1} inited
20:57:11.040 [SpringApplicationShutdownHook] INFO  c.a.c.n.r.NacosServiceRegistry - [deregister,95] - De-registering from Nacos Server now...
20:57:11.099 [SpringApplicationShutdownHook] INFO  c.a.c.n.r.NacosServiceRegistry - [deregister,115] - De-registration finished.
20:57:11.211 [SpringApplicationShutdownHook] INFO  c.a.d.p.DruidDataSource - [close,1948] - {dataSource-1} closing ...
20:57:11.288 [SpringApplicationShutdownHook] INFO  c.a.d.p.DruidDataSource - [close,2020] - {dataSource-1} closed
20:57:26.876 [main] INFO  c.a.n.c.e.SearchableProperties - [sortPropertySourceDefaultOrder,197] - properties search order:PROPERTIES->JVM->ENV->DEFAULT_SETTING
20:57:27.715 [main] INFO  c.a.n.p.a.s.c.ClientAuthPluginManager - [init,56] - [ClientAuthPluginManager] Load ClientAuthService com.alibaba.nacos.client.auth.impl.NacosClientAuthServiceImpl success.
20:57:27.716 [main] INFO  c.a.n.p.a.s.c.ClientAuthPluginManager - [init,56] - [ClientAuthPluginManager] Load ClientAuthService com.alibaba.nacos.client.auth.ram.RamClientAuthServiceImpl success.
20:57:30.436 [main] INFO  c.j.a.ArchivalApplication - [logStartupProfileInfo,645] - No active profile set, falling back to 1 default profile: "default"
20:57:33.541 [main] INFO  o.a.c.h.Http11NioProtocol - [log,173] - Initializing ProtocolHandler ["http-nio-8080"]
20:57:33.542 [main] INFO  o.a.c.c.StandardService - [log,173] - Starting service [Tomcat]
20:57:33.543 [main] INFO  o.a.c.c.StandardEngine - [log,173] - Starting Servlet engine: [Apache Tomcat/9.0.68]
20:57:33.740 [main] INFO  o.a.c.c.C.[.[.[/] - [log,173] - Initializing Spring embedded WebApplicationContext
20:57:34.432 [main] INFO  c.a.d.p.DruidDataSource - [close,1948] - {dataSource-0} closing ...
20:57:34.435 [main] INFO  o.a.c.c.StandardService - [log,173] - Stopping service [Tomcat]
21:03:02.306 [main] INFO  c.a.n.c.e.SearchableProperties - [sortPropertySourceDefaultOrder,197] - properties search order:PROPERTIES->JVM->ENV->DEFAULT_SETTING
21:03:03.240 [main] INFO  c.a.n.p.a.s.c.ClientAuthPluginManager - [init,56] - [ClientAuthPluginManager] Load ClientAuthService com.alibaba.nacos.client.auth.impl.NacosClientAuthServiceImpl success.
21:03:03.242 [main] INFO  c.a.n.p.a.s.c.ClientAuthPluginManager - [init,56] - [ClientAuthPluginManager] Load ClientAuthService com.alibaba.nacos.client.auth.ram.RamClientAuthServiceImpl success.
21:03:05.923 [main] INFO  c.j.a.ArchivalApplication - [logStartupProfileInfo,645] - No active profile set, falling back to 1 default profile: "default"
21:03:09.005 [main] INFO  o.a.c.h.Http11NioProtocol - [log,173] - Initializing ProtocolHandler ["http-nio-8080"]
21:03:09.006 [main] INFO  o.a.c.c.StandardService - [log,173] - Starting service [Tomcat]
21:03:09.007 [main] INFO  o.a.c.c.StandardEngine - [log,173] - Starting Servlet engine: [Apache Tomcat/9.0.68]
21:03:09.237 [main] INFO  o.a.c.c.C.[.[.[/] - [log,173] - Initializing Spring embedded WebApplicationContext
21:03:10.018 [main] INFO  c.a.d.p.DruidDataSource - [close,1948] - {dataSource-0} closing ...
21:03:10.021 [main] INFO  o.a.c.c.StandardService - [log,173] - Stopping service [Tomcat]
21:07:23.403 [main] INFO  c.a.n.c.e.SearchableProperties - [sortPropertySourceDefaultOrder,197] - properties search order:PROPERTIES->JVM->ENV->DEFAULT_SETTING
21:07:24.247 [main] INFO  c.a.n.p.a.s.c.ClientAuthPluginManager - [init,56] - [ClientAuthPluginManager] Load ClientAuthService com.alibaba.nacos.client.auth.impl.NacosClientAuthServiceImpl success.
21:07:24.247 [main] INFO  c.a.n.p.a.s.c.ClientAuthPluginManager - [init,56] - [ClientAuthPluginManager] Load ClientAuthService com.alibaba.nacos.client.auth.ram.RamClientAuthServiceImpl success.
21:07:26.911 [main] INFO  c.j.a.ArchivalApplication - [logStartupProfileInfo,645] - No active profile set, falling back to 1 default profile: "default"
21:07:30.084 [main] INFO  o.a.c.h.Http11NioProtocol - [log,173] - Initializing ProtocolHandler ["http-nio-8080"]
21:07:30.084 [main] INFO  o.a.c.c.StandardService - [log,173] - Starting service [Tomcat]
21:07:30.085 [main] INFO  o.a.c.c.StandardEngine - [log,173] - Starting Servlet engine: [Apache Tomcat/9.0.68]
21:07:30.282 [main] INFO  o.a.c.c.C.[.[.[/] - [log,173] - Initializing Spring embedded WebApplicationContext
21:07:31.065 [main] INFO  c.a.d.p.DruidDataSource - [close,1948] - {dataSource-0} closing ...
21:07:31.069 [main] INFO  o.a.c.c.StandardService - [log,173] - Stopping service [Tomcat]
21:22:54.963 [main] INFO  c.a.n.c.e.SearchableProperties - [sortPropertySourceDefaultOrder,197] - properties search order:PROPERTIES->JVM->ENV->DEFAULT_SETTING
21:22:55.785 [main] INFO  c.a.n.p.a.s.c.ClientAuthPluginManager - [init,56] - [ClientAuthPluginManager] Load ClientAuthService com.alibaba.nacos.client.auth.impl.NacosClientAuthServiceImpl success.
21:22:55.786 [main] INFO  c.a.n.p.a.s.c.ClientAuthPluginManager - [init,56] - [ClientAuthPluginManager] Load ClientAuthService com.alibaba.nacos.client.auth.ram.RamClientAuthServiceImpl success.
21:22:58.475 [main] INFO  c.j.a.ArchivalApplication - [logStartupProfileInfo,645] - No active profile set, falling back to 1 default profile: "default"
21:23:01.592 [main] INFO  o.a.c.h.Http11NioProtocol - [log,173] - Initializing ProtocolHandler ["http-nio-8080"]
21:23:01.593 [main] INFO  o.a.c.c.StandardService - [log,173] - Starting service [Tomcat]
21:23:01.594 [main] INFO  o.a.c.c.StandardEngine - [log,173] - Starting Servlet engine: [Apache Tomcat/9.0.68]
21:23:01.836 [main] INFO  o.a.c.c.C.[.[.[/] - [log,173] - Initializing Spring embedded WebApplicationContext
21:23:02.562 [main] INFO  c.a.d.p.DruidDataSource - [close,1948] - {dataSource-0} closing ...
21:23:02.566 [main] INFO  o.a.c.c.StandardService - [log,173] - Stopping service [Tomcat]
